# JRE version: Java(TM) SE Runtime Environment (8.0_45-b15) (build 1.8.0_45-b15)
# Java VM: Java HotSpot(TM) 64-Bit Server VM (25.45-b02 mixed mode windows-amd64 compressed oops)
Heap:
 PSYoungGen      total 157696K, used 39110K [0x00000000eab00000, 0x00000000f5480000, 0x0000000100000000)
  eden space 143872K, 22% used [0x00000000eab00000,0x00000000ec9eb3d0,0x00000000f3780000)
  from space 13824K, 53% used [0x00000000f4700000,0x00000000f4e46758,0x00000000f5480000)
  to   space 14848K, 0% used [0x00000000f3780000,0x00000000f3780000,0x00000000f4600000)
 ParOldGen       total 86016K, used 69095K [0x00000000c0000000, 0x00000000c5400000, 0x00000000eab00000)
  object space 86016K, 80% used [0x00000000c0000000,0x00000000c4379fc8,0x00000000c5400000)
 Metaspace       used 26001K, capacity 26746K, committed 27008K, reserved 1073152K
  class space    used 2954K, capacity 3149K, committed 3200K, reserved 1048576K
GC Heap History (10 events):
Event: 12.178 GC heap before
{Heap before GC invocations=13 (full 1):
 PSYoungGen      total 88576K, used 1411K [0x00000000eab00000, 0x00000000f0a00000, 0x0000000100000000)
  eden space 81408K, 0% used [0x00000000eab00000,0x00000000eab00000,0x00000000efa80000)
  from space 7168K, 19% used [0x00000000f0200000,0x00000000f0360f78,0x00000000f0900000)
  to   space 7680K, 0% used [0x00000000efa80000,0x00000000efa80000,0x00000000f0200000)
 ParOldGen       total 55808K, used 54296K [0x00000000c0000000, 0x00000000c3680000, 0x00000000eab00000)
  object space 55808K, 97% used [0x00000000c0000000,0x00000000c35061e0,0x00000000c3680000)
 Metaspace       used 18087K, capacity 18522K, committed 18688K, reserved 1064960K
  class space    used 2070K, capacity 2224K, committed 2304K, reserved 1048576K
Event: 12.326 GC heap after
Heap after GC invocations=13 (full 1):
 PSYoungGen      total 88576K, used 0K [0x00000000eab00000, 0x00000000f0a00000, 0x0000000100000000)
  eden space 81408K, 0% used [0x00000000eab00000,0x00000000eab00000,0x00000000efa80000)
  from space 7168K, 0% used [0x00000000f0200000,0x00000000f0200000,0x00000000f0900000)
  to   space 7680K, 0% used [0x00000000efa80000,0x00000000efa80000,0x00000000f0200000)
 ParOldGen       total 86016K, used 47394K [0x00000000c0000000, 0x00000000c5400000, 0x00000000eab00000)
  object space 86016K, 55% used [0x00000000c0000000,0x00000000c2e488a0,0x00000000c5400000)
 Metaspace       used 18087K, capacity 18522K, committed 18688K, reserved 1064960K
  class space    used 2070K, capacity 2224K, committed 2304K, reserved 1048576K
}
Event: 12.977 GC heap before
{Heap before GC invocations=14 (full 1):
 PSYoungGen      total 88576K, used 81408K [0x00000000eab00000, 0x00000000f0a00000, 0x0000000100000000)
  eden space 81408K, 100% used [0x00000000eab00000,0x00000000efa80000,0x00000000efa80000)
  from space 7168K, 0% used [0x00000000f0200000,0x00000000f0200000,0x00000000f0900000)
  to   space 7680K, 0% used [0x00000000efa80000,0x00000000efa80000,0x00000000f0200000)
 ParOldGen       total 86016K, used 47394K [0x00000000c0000000, 0x00000000c5400000, 0x00000000eab00000)
  object space 86016K, 55% used [0x00000000c0000000,0x00000000c2e488a0,0x00000000c5400000)
 Metaspace       used 18366K, capacity 18892K, committed 18944K, reserved 1067008K
  class space    used 2098K, capacity 2265K, committed 2304K, reserved 1048576K
Event: 12.980 GC heap after
Heap after GC invocations=14 (full 1):
 PSYoungGen      total 89088K, used 1344K [0x00000000eab00000, 0x00000000f2780000, 0x0000000100000000)
  eden space 81408K, 0% used [0x00000000eab00000,0x00000000eab00000,0x00000000efa80000)
  from space 7680K, 17% used [0x00000000efa80000,0x00000000efbd01b0,0x00000000f0200000)
  to   space 8192K, 0% used [0x00000000f1f80000,0x00000000f1f80000,0x00000000f2780000)
 ParOldGen       total 86016K, used 47402K [0x00000000c0000000, 0x00000000c5400000, 0x00000000eab00000)
  object space 86016K, 55% used [0x00000000c0000000,0x00000000c2e4a8a0,0x00000000c5400000)
 Metaspace       used 18366K, capacity 18892K, committed 18944K, reserved 1067008K
  class space    used 2098K, capacity 2265K, committed 2304K, reserved 1048576K
}
Event: 20.321 GC heap before
{Heap before GC invocations=15 (full 1):
 PSYoungGen      total 89088K, used 82752K [0x00000000eab00000, 0x00000000f2780000, 0x0000000100000000)
  eden space 81408K, 100% used [0x00000000eab00000,0x00000000efa80000,0x00000000efa80000)
  from space 7680K, 17% used [0x00000000efa80000,0x00000000efbd01b0,0x00000000f0200000)
  to   space 8192K, 0% used [0x00000000f1f80000,0x00000000f1f80000,0x00000000f2780000)
 ParOldGen       total 86016K, used 47402K [0x00000000c0000000, 0x00000000c5400000, 0x00000000eab00000)
  object space 86016K, 55% used [0x00000000c0000000,0x00000000c2e4a8a0,0x00000000c5400000)
 Metaspace       used 22788K, capacity 23296K, committed 23424K, reserved 1069056K
  class space    used 2654K, capacity 2817K, committed 2944K, reserved 1048576K
Event: 20.362 GC heap after
Heap after GC invocations=15 (full 1):
 PSYoungGen      total 116736K, used 8170K [0x00000000eab00000, 0x00000000f2a80000, 0x0000000100000000)
  eden space 108544K, 0% used [0x00000000eab00000,0x00000000eab00000,0x00000000f1500000)
  from space 8192K, 99% used [0x00000000f1f80000,0x00000000f277abd0,0x00000000f2780000)
  to   space 10752K, 0% used [0x00000000f1500000,0x00000000f1500000,0x00000000f1f80000)
 ParOldGen       total 86016K, used 52268K [0x00000000c0000000, 0x00000000c5400000, 0x00000000eab00000)
  object space 86016K, 60% used [0x00000000c0000000,0x00000000c330b368,0x00000000c5400000)
 Metaspace       used 22788K, capacity 23296K, committed 23424K, reserved 1069056K
  class space    used 2654K, capacity 2817K, committed 2944K, reserved 1048576K
}
Event: 26.210 GC heap before
{Heap before GC invocations=16 (full 1):
 PSYoungGen      total 116736K, used 116714K [0x00000000eab00000, 0x00000000f2a80000, 0x0000000100000000)
  eden space 108544K, 100% used [0x00000000eab00000,0x00000000f1500000,0x00000000f1500000)
  from space 8192K, 99% used [0x00000000f1f80000,0x00000000f277abd0,0x00000000f2780000)
  to   space 10752K, 0% used [0x00000000f1500000,0x00000000f1500000,0x00000000f1f80000)
 ParOldGen       total 86016K, used 52268K [0x00000000c0000000, 0x00000000c5400000, 0x00000000eab00000)
  object space 86016K, 60% used [0x00000000c0000000,0x00000000c330b368,0x00000000c5400000)
 Metaspace       used 25431K, capacity 26112K, committed 26240K, reserved 1073152K
  class space    used 2913K, capacity 3127K, committed 3200K, reserved 1048576K
Event: 26.285 GC heap after
Heap after GC invocations=16 (full 1):
 PSYoungGen      total 119296K, used 10736K [0x00000000eab00000, 0x00000000f5600000, 0x0000000100000000)
  eden space 108544K, 0% used [0x00000000eab00000,0x00000000eab00000,0x00000000f1500000)
  from space 10752K, 99% used [0x00000000f1500000,0x00000000f1f7c068,0x00000000f1f80000)
  to   space 15360K, 0% used [0x00000000f4700000,0x00000000f4700000,0x00000000f5600000)
 ParOldGen       total 86016K, used 60249K [0x00000000c0000000, 0x00000000c5400000, 0x00000000eab00000)
  object space 86016K, 70% used [0x00000000c0000000,0x00000000c3ad6490,0x00000000c5400000)
 Metaspace       used 25431K, capacity 26112K, committed 26240K, reserved 1073152K
  class space    used 2913K, capacity 3127K, committed 3200K, reserved 1048576K
}
Event: 29.278 GC heap before
{Heap before GC invocations=17 (full 1):
 PSYoungGen      total 119296K, used 119280K [0x00000000eab00000, 0x00000000f5600000, 0x0000000100000000)
  eden space 108544K, 100% used [0x00000000eab00000,0x00000000f1500000,0x00000000f1500000)
  from space 10752K, 99% used [0x00000000f1500000,0x00000000f1f7c068,0x00000000f1f80000)
  to   space 15360K, 0% used [0x00000000f4700000,0x00000000f4700000,0x00000000f5600000)
 ParOldGen       total 86016K, used 60249K [0x00000000c0000000, 0x00000000c5400000, 0x00000000eab00000)
  object space 86016K, 70% used [0x00000000c0000000,0x00000000c3ad6490,0x00000000c5400000)
 Metaspace       used 25895K, capacity 26682K, committed 26752K, reserved 1073152K
  class space    used 2939K, capacity 3149K, committed 3200K, reserved 1048576K
Event: 29.316 GC heap after
Heap after GC invocations=17 (full 1):
 PSYoungGen      total 157696K, used 7449K [0x00000000eab00000, 0x00000000f5480000, 0x0000000100000000)
  eden space 143872K, 0% used [0x00000000eab00000,0x00000000eab00000,0x00000000f3780000)
  from space 13824K, 53% used [0x00000000f4700000,0x00000000f4e46758,0x00000000f5480000)
  to   space 14848K, 0% used [0x00000000f3780000,0x00000000f3780000,0x00000000f4600000)
 ParOldGen       total 86016K, used 69095K [0x00000000c0000000, 0x00000000c5400000, 0x00000000eab00000)
  object space 86016K, 80% used [0x00000000c0000000,0x00000000c4379fc8,0x00000000c5400000)
 Metaspace       used 25895K, capacity 26682K, committed 26752K, reserved 1073152K
  class space    used 2939K, capacity 3149K, committed 3200K, reserved 1048576K
}

