# JRE version: Java(TM) SE Runtime Environment (11.0.2+9) (build 11.0.2+9-LTS)
# Java VM: Java HotSpot(TM) 64-Bit Server VM (11.0.2+9-LTS, mixed mode, tiered, compressed oops, g1 gc, windows-amd64)
Heap:
 garbage-first heap   total 114688K, used 82352K [0x00000000c0000000, 0x0000000100000000)
  region size 1024K, 65 young (66560K), 5 survivors (5120K)
 Metaspace       used 57353K, capacity 58824K, committed 59008K, reserved 1101824K
  class space    used 6578K, capacity 7170K, committed 7296K, reserved 1048576K
GC Heap History (10 events):
Event: 21.527 GC heap after
{Heap after GC invocations=27 (full 0):
 garbage-first heap   total 95232K, used 16222K [0x00000000c0000000, 0x0000000100000000)
  region size 1024K, 3 young (3072K), 3 survivors (3072K)
 Metaspace       used 44796K, capacity 45798K, committed 46080K, reserved 1089536K
  class space    used 5128K, capacity 5534K, committed 5632K, reserved 1048576K
}
Event: 24.308 GC heap before
{Heap before GC invocations=27 (full 0):
 garbage-first heap   total 95232K, used 64350K [0x00000000c0000000, 0x0000000100000000)
  region size 1024K, 50 young (51200K), 3 survivors (3072K)
 Metaspace       used 46804K, capacity 47841K, committed 48000K, reserved 1091584K
  class space    used 5294K, capacity 5702K, committed 5760K, reserved 1048576K
}
Event: 24.320 GC heap after
{Heap after GC invocations=28 (full 0):
 garbage-first heap   total 95232K, used 17029K [0x00000000c0000000, 0x0000000100000000)
  region size 1024K, 4 young (4096K), 4 survivors (4096K)
 Metaspace       used 46804K, capacity 47841K, committed 48000K, reserved 1091584K
  class space    used 5294K, capacity 5702K, committed 5760K, reserved 1048576K
}
Event: 25.497 GC heap before
{Heap before GC invocations=28 (full 0):
 garbage-first heap   total 95232K, used 67205K [0x00000000c0000000, 0x0000000100000000)
  region size 1024K, 53 young (54272K), 4 survivors (4096K)
 Metaspace       used 49263K, capacity 50448K, committed 50688K, reserved 1093632K
  class space    used 5604K, capacity 6060K, committed 6144K, reserved 1048576K
}
Event: 25.512 GC heap after
{Heap after GC invocations=29 (full 0):
 garbage-first heap   total 95232K, used 17973K [0x00000000c0000000, 0x0000000100000000)
  region size 1024K, 5 young (5120K), 5 survivors (5120K)
 Metaspace       used 49263K, capacity 50448K, committed 50688K, reserved 1093632K
  class space    used 5604K, capacity 6060K, committed 6144K, reserved 1048576K
}
Event: 26.977 GC heap before
{Heap before GC invocations=29 (full 0):
 garbage-first heap   total 95232K, used 69173K [0x00000000c0000000, 0x0000000100000000)
  region size 1024K, 55 young (56320K), 5 survivors (5120K)
 Metaspace       used 51907K, capacity 53194K, committed 53376K, reserved 1095680K
  class space    used 5946K, capacity 6445K, committed 6528K, reserved 1048576K
}
Event: 26.996 GC heap after
{Heap after GC invocations=30 (full 0):
 garbage-first heap   total 114688K, used 19283K [0x00000000c0000000, 0x0000000100000000)
  region size 1024K, 5 young (5120K), 5 survivors (5120K)
 Metaspace       used 51907K, capacity 53194K, committed 53376K, reserved 1095680K
  class space    used 5946K, capacity 6445K, committed 6528K, reserved 1048576K
}
Event: 28.771 GC heap before
{Heap before GC invocations=30 (full 0):
 garbage-first heap   total 114688K, used 82771K [0x00000000c0000000, 0x0000000100000000)
  region size 1024K, 67 young (68608K), 5 survivors (5120K)
 Metaspace       used 54791K, capacity 56230K, committed 56576K, reserved 1099776K
  class space    used 6275K, capacity 6820K, committed 6912K, reserved 1048576K
}
Event: 28.790 GC heap after
{Heap after GC invocations=31 (full 0):
 garbage-first heap   total 114688K, used 20912K [0x00000000c0000000, 0x0000000100000000)
  region size 1024K, 7 young (7168K), 7 survivors (7168K)
 Metaspace       used 54791K, capacity 56230K, committed 56576K, reserved 1099776K
  class space    used 6275K, capacity 6820K, committed 6912K, reserved 1048576K
}
Event: 30.291 GC heap before
{Heap before GC invocations=31 (full 0):
 garbage-first heap   total 114688K, used 82352K [0x00000000c0000000, 0x0000000100000000)
  region size 1024K, 67 young (68608K), 7 survivors (7168K)
 Metaspace       used 57353K, capacity 58824K, committed 59008K, reserved 1101824K
  class space    used 6578K, capacity 7170K, committed 7296K, reserved 1048576K
}

