# JRE version: Java(TM) SE Runtime Environment (8.0_45-b15) (build 1.8.0_45-b15)
# Java VM: Java HotSpot(TM) 64-Bit Server VM (25.45-b02 mixed mode windows-amd64 compressed oops)
Heap:
 PSYoungGen      total 148480K, used 103339K [0x00000000eab00000, 0x00000000f5e00000, 0x0000000100000000)
  eden space 136704K, 66% used [0x00000000eab00000,0x00000000f046e840,0x00000000f3080000)
  from space 11776K, 99% used [0x00000000f5280000,0x00000000f5dfc3d0,0x00000000f5e00000)
  to   space 15360K, 0% used [0x00000000f4000000,0x00000000f4000000,0x00000000f4f00000)
 ParOldGen       total 47104K, used 24557K [0x00000000c0000000, 0x00000000c2e00000, 0x00000000eab00000)
  object space 47104K, 52% used [0x00000000c0000000,0x00000000c17fb710,0x00000000c2e00000)
 Metaspace       used 25739K, capacity 26468K, committed 26496K, reserved 1073152K
  class space    used 2958K, capacity 3185K, committed 3200K, reserved 1048576K
GC Heap History (10 events):
Event: 10.986 GC heap before
{Heap before GC invocations=9 (full 0):
 PSYoungGen      total 71168K, used 71168K [0x00000000eab00000, 0x00000000efd00000, 0x0000000100000000)
  eden space 62976K, 100% used [0x00000000eab00000,0x00000000ee880000,0x00000000ee880000)
  from space 8192K, 100% used [0x00000000ef200000,0x00000000efa00000,0x00000000efa00000)
  to   space 9728K, 0% used [0x00000000ee880000,0x00000000ee880000,0x00000000ef200000)
 ParOldGen       total 44032K, used 11818K [0x00000000c0000000, 0x00000000c2b00000, 0x00000000eab00000)
  object space 44032K, 26% used [0x00000000c0000000,0x00000000c0b8a948,0x00000000c2b00000)
 Metaspace       used 16263K, capacity 16548K, committed 16896K, reserved 1064960K
  class space    used 1865K, capacity 1950K, committed 2048K, reserved 1048576K
Event: 11.009 GC heap after
Heap after GC invocations=9 (full 0):
 PSYoungGen      total 72704K, used 8800K [0x00000000eab00000, 0x00000000f2180000, 0x0000000100000000)
  eden space 62976K, 0% used [0x00000000eab00000,0x00000000eab00000,0x00000000ee880000)
  from space 9728K, 90% used [0x00000000ee880000,0x00000000ef118000,0x00000000ef200000)
  to   space 10240K, 0% used [0x00000000f1780000,0x00000000f1780000,0x00000000f2180000)
 ParOldGen       total 44032K, used 14778K [0x00000000c0000000, 0x00000000c2b00000, 0x00000000eab00000)
  object space 44032K, 33% used [0x00000000c0000000,0x00000000c0e6e948,0x00000000c2b00000)
 Metaspace       used 16263K, capacity 16548K, committed 16896K, reserved 1064960K
  class space    used 1865K, capacity 1950K, committed 2048K, reserved 1048576K
}
Event: 22.434 GC heap before
{Heap before GC invocations=10 (full 0):
 PSYoungGen      total 72704K, used 71776K [0x00000000eab00000, 0x00000000f2180000, 0x0000000100000000)
  eden space 62976K, 100% used [0x00000000eab00000,0x00000000ee880000,0x00000000ee880000)
  from space 9728K, 90% used [0x00000000ee880000,0x00000000ef118000,0x00000000ef200000)
  to   space 10240K, 0% used [0x00000000f1780000,0x00000000f1780000,0x00000000f2180000)
 ParOldGen       total 44032K, used 14778K [0x00000000c0000000, 0x00000000c2b00000, 0x00000000eab00000)
  object space 44032K, 33% used [0x00000000c0000000,0x00000000c0e6e948,0x00000000c2b00000)
 Metaspace       used 18784K, capacity 19312K, committed 19584K, reserved 1067008K
  class space    used 2146K, capacity 2339K, committed 2432K, reserved 1048576K
Event: 22.459 GC heap after
Heap after GC invocations=10 (full 0):
 PSYoungGen      total 110080K, used 9091K [0x00000000eab00000, 0x00000000f2380000, 0x0000000100000000)
  eden space 99840K, 0% used [0x00000000eab00000,0x00000000eab00000,0x00000000f0c80000)
  from space 10240K, 88% used [0x00000000f1780000,0x00000000f2060e10,0x00000000f2180000)
  to   space 11264K, 0% used [0x00000000f0c80000,0x00000000f0c80000,0x00000000f1780000)
 ParOldGen       total 44032K, used 19815K [0x00000000c0000000, 0x00000000c2b00000, 0x00000000eab00000)
  object space 44032K, 45% used [0x00000000c0000000,0x00000000c1359cc0,0x00000000c2b00000)
 Metaspace       used 18784K, capacity 19312K, committed 19584K, reserved 1067008K
  class space    used 2146K, capacity 2339K, committed 2432K, reserved 1048576K
}
Event: 23.469 GC heap before
{Heap before GC invocations=11 (full 0):
 PSYoungGen      total 110080K, used 17084K [0x00000000eab00000, 0x00000000f2380000, 0x0000000100000000)
  eden space 99840K, 8% used [0x00000000eab00000,0x00000000eb2ce4c0,0x00000000f0c80000)
  from space 10240K, 88% used [0x00000000f1780000,0x00000000f2060e10,0x00000000f2180000)
  to   space 11264K, 0% used [0x00000000f0c80000,0x00000000f0c80000,0x00000000f1780000)
 ParOldGen       total 44032K, used 19815K [0x00000000c0000000, 0x00000000c2b00000, 0x00000000eab00000)
  object space 44032K, 45% used [0x00000000c0000000,0x00000000c1359cc0,0x00000000c2b00000)
 Metaspace       used 20587K, capacity 21124K, committed 21296K, reserved 1069056K
  class space    used 2400K, capacity 2603K, committed 2688K, reserved 1048576K
Event: 23.486 GC heap after
Heap after GC invocations=11 (full 0):
 PSYoungGen      total 111104K, used 889K [0x00000000eab00000, 0x00000000f5e00000, 0x0000000100000000)
  eden space 99840K, 0% used [0x00000000eab00000,0x00000000eab00000,0x00000000f0c80000)
  from space 11264K, 7% used [0x00000000f0c80000,0x00000000f0d5e490,0x00000000f1780000)
  to   space 11776K, 0% used [0x00000000f5280000,0x00000000f5280000,0x00000000f5e00000)
 ParOldGen       total 44032K, used 26152K [0x00000000c0000000, 0x00000000c2b00000, 0x00000000eab00000)
  object space 44032K, 59% used [0x00000000c0000000,0x00000000c198a370,0x00000000c2b00000)
 Metaspace       used 20587K, capacity 21124K, committed 21296K, reserved 1069056K
  class space    used 2400K, capacity 2603K, committed 2688K, reserved 1048576K
}
Event: 23.486 GC heap before
{Heap before GC invocations=12 (full 1):
 PSYoungGen      total 111104K, used 889K [0x00000000eab00000, 0x00000000f5e00000, 0x0000000100000000)
  eden space 99840K, 0% used [0x00000000eab00000,0x00000000eab00000,0x00000000f0c80000)
  from space 11264K, 7% used [0x00000000f0c80000,0x00000000f0d5e490,0x00000000f1780000)
  to   space 11776K, 0% used [0x00000000f5280000,0x00000000f5280000,0x00000000f5e00000)
 ParOldGen       total 44032K, used 26152K [0x00000000c0000000, 0x00000000c2b00000, 0x00000000eab00000)
  object space 44032K, 59% used [0x00000000c0000000,0x00000000c198a370,0x00000000c2b00000)
 Metaspace       used 20587K, capacity 21124K, committed 21296K, reserved 1069056K
  class space    used 2400K, capacity 2603K, committed 2688K, reserved 1048576K
Event: 23.652 GC heap after
Heap after GC invocations=12 (full 1):
 PSYoungGen      total 111104K, used 0K [0x00000000eab00000, 0x00000000f5e00000, 0x0000000100000000)
  eden space 99840K, 0% used [0x00000000eab00000,0x00000000eab00000,0x00000000f0c80000)
  from space 11264K, 0% used [0x00000000f0c80000,0x00000000f0c80000,0x00000000f1780000)
  to   space 11776K, 0% used [0x00000000f5280000,0x00000000f5280000,0x00000000f5e00000)
 ParOldGen       total 47104K, used 18381K [0x00000000c0000000, 0x00000000c2e00000, 0x00000000eab00000)
  object space 47104K, 39% used [0x00000000c0000000,0x00000000c11f3500,0x00000000c2e00000)
 Metaspace       used 20587K, capacity 21124K, committed 21296K, reserved 1069056K
  class space    used 2400K, capacity 2603K, committed 2688K, reserved 1048576K
}
Event: 27.469 GC heap before
{Heap before GC invocations=13 (full 1):
 PSYoungGen      total 111104K, used 99840K [0x00000000eab00000, 0x00000000f5e00000, 0x0000000100000000)
  eden space 99840K, 100% used [0x00000000eab00000,0x00000000f0c80000,0x00000000f0c80000)
  from space 11264K, 0% used [0x00000000f0c80000,0x00000000f0c80000,0x00000000f1780000)
  to   space 11776K, 0% used [0x00000000f5280000,0x00000000f5280000,0x00000000f5e00000)
 ParOldGen       total 47104K, used 18381K [0x00000000c0000000, 0x00000000c2e00000, 0x00000000eab00000)
  object space 47104K, 39% used [0x00000000c0000000,0x00000000c11f3500,0x00000000c2e00000)
 Metaspace       used 23329K, capacity 23908K, committed 24192K, reserved 1071104K
  class space    used 2699K, capacity 2891K, committed 2944K, reserved 1048576K
Event: 27.497 GC heap after
Heap after GC invocations=13 (full 1):
 PSYoungGen      total 148480K, used 11760K [0x00000000eab00000, 0x00000000f5e00000, 0x0000000100000000)
  eden space 136704K, 0% used [0x00000000eab00000,0x00000000eab00000,0x00000000f3080000)
  from space 11776K, 99% used [0x00000000f5280000,0x00000000f5dfc3d0,0x00000000f5e00000)
  to   space 15360K, 0% used [0x00000000f4000000,0x00000000f4000000,0x00000000f4f00000)
 ParOldGen       total 47104K, used 24557K [0x00000000c0000000, 0x00000000c2e00000, 0x00000000eab00000)
  object space 47104K, 52% used [0x00000000c0000000,0x00000000c17fb710,0x00000000c2e00000)
 Metaspace       used 23329K, capacity 23908K, committed 24192K, reserved 1071104K
  class space    used 2699K, capacity 2891K, committed 2944K, reserved 1048576K
}

