# JRE version: Java(TM) SE Runtime Environment (11.0.2+9) (build 11.0.2+9-LTS)
# Java VM: Java HotSpot(TM) 64-Bit Server VM (11.0.2+9-LTS, mixed mode, tiered, compressed oops, g1 gc, windows-amd64)
Heap:
 garbage-first heap   total 65536K, used 39878K [0x00000000c0000000, 0x0000000100000000)
  region size 1024K, 3 young (3072K), 2 survivors (2048K)
 Metaspace       used 32479K, capacity 33244K, committed 33328K, reserved 1079296K
  class space    used 3416K, capacity 3698K, committed 3712K, reserved 1048576K
GC Heap History (10 events):
Event: 27.791 GC heap before
{Heap before GC invocations=14 (full 0):
 garbage-first heap   total 65536K, used 47642K [0x00000000c0000000, 0x0000000100000000)
  region size 1024K, 28 young (28672K), 2 survivors (2048K)
 Metaspace       used 31208K, capacity 31888K, committed 32176K, reserved 1077248K
  class space    used 3315K, capacity 3546K, committed 3584K, reserved 1048576K
}
Event: 27.803 GC heap after
{Heap after GC invocations=15 (full 0):
 garbage-first heap   total 65536K, used 24711K [0x00000000c0000000, 0x0000000100000000)
  region size 1024K, 4 young (4096K), 4 survivors (4096K)
 Metaspace       used 31208K, capacity 31888K, committed 32176K, reserved 1077248K
  class space    used 3315K, capacity 3546K, committed 3584K, reserved 1048576K
}
Event: 29.039 GC heap before
{Heap before GC invocations=15 (full 0):
 garbage-first heap   total 65536K, used 49287K [0x00000000c0000000, 0x0000000100000000)
  region size 1024K, 28 young (28672K), 4 survivors (4096K)
 Metaspace       used 32056K, capacity 32771K, committed 33072K, reserved 1079296K
  class space    used 3377K, capacity 3648K, committed 3712K, reserved 1048576K
}
Event: 29.057 GC heap after
{Heap after GC invocations=16 (full 0):
 garbage-first heap   total 65536K, used 31932K [0x00000000c0000000, 0x0000000100000000)
  region size 1024K, 4 young (4096K), 4 survivors (4096K)
 Metaspace       used 32056K, capacity 32771K, committed 33072K, reserved 1079296K
  class space    used 3377K, capacity 3648K, committed 3712K, reserved 1048576K
}
Event: 29.064 GC heap before
{Heap before GC invocations=16 (full 0):
 garbage-first heap   total 65536K, used 47292K [0x00000000c0000000, 0x0000000100000000)
  region size 1024K, 20 young (20480K), 4 survivors (4096K)
 Metaspace       used 32056K, capacity 32771K, committed 33072K, reserved 1079296K
  class space    used 3377K, capacity 3648K, committed 3712K, reserved 1048576K
}
Event: 29.071 GC heap after
{Heap after GC invocations=17 (full 0):
 garbage-first heap   total 65536K, used 32374K [0x00000000c0000000, 0x0000000100000000)
  region size 1024K, 1 young (1024K), 1 survivors (1024K)
 Metaspace       used 32056K, capacity 32771K, committed 33072K, reserved 1079296K
  class space    used 3377K, capacity 3648K, committed 3712K, reserved 1048576K
}
Event: 29.210 GC heap before
{Heap before GC invocations=17 (full 0):
 garbage-first heap   total 65536K, used 47734K [0x00000000c0000000, 0x0000000100000000)
  region size 1024K, 17 young (17408K), 1 survivors (1024K)
 Metaspace       used 32057K, capacity 32771K, committed 33072K, reserved 1079296K
  class space    used 3377K, capacity 3648K, committed 3712K, reserved 1048576K
}
Event: 29.213 GC heap after
{Heap after GC invocations=18 (full 0):
 garbage-first heap   total 65536K, used 33509K [0x00000000c0000000, 0x0000000100000000)
  region size 1024K, 2 young (2048K), 2 survivors (2048K)
 Metaspace       used 32057K, capacity 32771K, committed 33072K, reserved 1079296K
  class space    used 3377K, capacity 3648K, committed 3712K, reserved 1048576K
}
Event: 30.412 GC heap before
{Heap before GC invocations=19 (full 0):
 garbage-first heap   total 65536K, used 48869K [0x00000000c0000000, 0x0000000100000000)
  region size 1024K, 18 young (18432K), 2 survivors (2048K)
 Metaspace       used 32166K, capacity 32859K, committed 33072K, reserved 1079296K
  class space    used 3391K, capacity 3657K, committed 3712K, reserved 1048576K
}
Event: 30.422 GC heap after
{Heap after GC invocations=20 (full 0):
 garbage-first heap   total 65536K, used 38082K [0x00000000c0000000, 0x0000000100000000)
  region size 1024K, 3 young (3072K), 3 survivors (3072K)
 Metaspace       used 32166K, capacity 32859K, committed 33072K, reserved 1079296K
  class space    used 3391K, capacity 3657K, committed 3712K, reserved 1048576K
}

