# JRE version: Java(TM) SE Runtime Environment (11.0.2+9) (build 11.0.2+9-LTS)
# Java VM: Java HotSpot(TM) 64-Bit Server VM (11.0.2+9-LTS, mixed mode, tiered, compressed oops, g1 gc, windows-amd64)
Heap:
 garbage-first heap   total 65536K, used 24473K [0x00000000c0000000, 0x0000000100000000)
  region size 1024K, 4 young (4096K), 2 survivors (2048K)
 Metaspace       used 61477K, capacity 63058K, committed 63232K, reserved 1105920K
  class space    used 6990K, capacity 7616K, committed 7680K, reserved 1048576K
GC Heap History (10 events):
Event: 52.079 GC heap before
{Heap before GC invocations=35 (full 0):
 garbage-first heap   total 65536K, used 55296K [0x00000000c0000000, 0x0000000100000000)
  region size 1024K, 37 young (37888K), 3 survivors (3072K)
 Metaspace       used 56955K, capacity 58445K, committed 58624K, reserved 1101824K
  class space    used 6535K, capacity 7106K, committed 7168K, reserved 1048576K
}
Event: 52.094 GC heap after
{Heap after GC invocations=36 (full 0):
 garbage-first heap   total 65536K, used 21335K [0x00000000c0000000, 0x0000000100000000)
  region size 1024K, 3 young (3072K), 3 survivors (3072K)
 Metaspace       used 56955K, capacity 58445K, committed 58624K, reserved 1101824K
  class space    used 6535K, capacity 7106K, committed 7168K, reserved 1048576K
}
Event: 54.328 GC heap before
{Heap before GC invocations=36 (full 0):
 garbage-first heap   total 65536K, used 55127K [0x00000000c0000000, 0x0000000100000000)
  region size 1024K, 36 young (36864K), 3 survivors (3072K)
 Metaspace       used 58421K, capacity 59942K, committed 60160K, reserved 1101824K
  class space    used 6701K, capacity 7302K, committed 7424K, reserved 1048576K
}
Event: 54.343 GC heap after
{Heap after GC invocations=37 (full 0):
 garbage-first heap   total 65536K, used 22000K [0x00000000c0000000, 0x0000000100000000)
  region size 1024K, 3 young (3072K), 3 survivors (3072K)
 Metaspace       used 58421K, capacity 59942K, committed 60160K, reserved 1101824K
  class space    used 6701K, capacity 7302K, committed 7424K, reserved 1048576K
}
Event: 54.704 GC heap before
{Heap before GC invocations=37 (full 0):
 garbage-first heap   total 65536K, used 25072K [0x00000000c0000000, 0x0000000100000000)
  region size 1024K, 7 young (7168K), 3 survivors (3072K)
 Metaspace       used 58500K, capacity 60009K, committed 60160K, reserved 1101824K
  class space    used 6709K, capacity 7303K, committed 7424K, reserved 1048576K
}
Event: 54.715 GC heap after
{Heap after GC invocations=38 (full 0):
 garbage-first heap   total 65536K, used 22207K [0x00000000c0000000, 0x0000000100000000)
  region size 1024K, 3 young (3072K), 3 survivors (3072K)
 Metaspace       used 58500K, capacity 60009K, committed 60160K, reserved 1101824K
  class space    used 6709K, capacity 7303K, committed 7424K, reserved 1048576K
}
Event: 56.941 GC heap before
{Heap before GC invocations=39 (full 0):
 garbage-first heap   total 65536K, used 43711K [0x00000000c0000000, 0x0000000100000000)
  region size 1024K, 24 young (24576K), 3 survivors (3072K)
 Metaspace       used 59419K, capacity 61044K, committed 61312K, reserved 1103872K
  class space    used 6825K, capacity 7478K, committed 7552K, reserved 1048576K
}
Event: 56.955 GC heap after
{Heap after GC invocations=40 (full 0):
 garbage-first heap   total 65536K, used 22956K [0x00000000c0000000, 0x0000000100000000)
  region size 1024K, 3 young (3072K), 3 survivors (3072K)
 Metaspace       used 59419K, capacity 61044K, committed 61312K, reserved 1103872K
  class space    used 6825K, capacity 7478K, committed 7552K, reserved 1048576K
}
Event: 58.170 GC heap before
{Heap before GC invocations=40 (full 0):
 garbage-first heap   total 65536K, used 45484K [0x00000000c0000000, 0x0000000100000000)
  region size 1024K, 26 young (26624K), 3 survivors (3072K)
 Metaspace       used 60463K, capacity 62025K, committed 62080K, reserved 1103872K
  class space    used 6906K, capacity 7549K, committed 7552K, reserved 1048576K
}
Event: 58.180 GC heap after
{Heap after GC invocations=41 (full 0):
 garbage-first heap   total 65536K, used 23703K [0x00000000c0000000, 0x0000000100000000)
  region size 1024K, 3 young (3072K), 3 survivors (3072K)
 Metaspace       used 60463K, capacity 62025K, committed 62080K, reserved 1103872K
  class space    used 6906K, capacity 7549K, committed 7552K, reserved 1048576K
}

