# JRE version: Java(TM) SE Runtime Environment (11.0.2+9) (build 11.0.2+9-LTS)
# Java VM: Java HotSpot(TM) 64-Bit Server VM (11.0.2+9-LTS, mixed mode, tiered, compressed oops, g1 gc, windows-amd64)
Heap:
 garbage-first heap   total 114688K, used 34751K [0x00000000c0000000, 0x0000000100000000)
  region size 1024K, 8 young (8192K), 5 survivors (5120K)
 Metaspace       used 88429K, capacity 90610K, committed 90752K, reserved 1128448K
  class space    used 10155K, capacity 11037K, committed 11136K, reserved 1048576K
GC Heap History (10 events):
Event: 50.100 GC heap before
{Heap before GC invocations=43 (full 0):
 garbage-first heap   total 95232K, used 79825K [0x00000000c0000000, 0x0000000100000000)
  region size 1024K, 53 young (54272K), 4 survivors (4096K)
 Metaspace       used 80409K, capacity 82357K, committed 82688K, reserved 1122304K
  class space    used 9326K, capacity 10135K, committed 10240K, reserved 1048576K
}
Event: 50.115 GC heap after
{Heap after GC invocations=44 (full 0):
 garbage-first heap   total 95232K, used 30673K [0x00000000c0000000, 0x0000000100000000)
  region size 1024K, 5 young (5120K), 5 survivors (5120K)
 Metaspace       used 80409K, capacity 82357K, committed 82688K, reserved 1122304K
  class space    used 9326K, capacity 10135K, committed 10240K, reserved 1048576K
}
Event: 50.768 GC heap before
{Heap before GC invocations=44 (full 0):
 garbage-first heap   total 95232K, used 78801K [0x00000000c0000000, 0x0000000100000000)
  region size 1024K, 52 young (53248K), 5 survivors (5120K)
 Metaspace       used 81893K, capacity 83868K, committed 84096K, reserved 1122304K
  class space    used 9457K, capacity 10272K, committed 10368K, reserved 1048576K
}
Event: 50.784 GC heap after
{Heap after GC invocations=45 (full 0):
 garbage-first heap   total 95232K, used 30898K [0x00000000c0000000, 0x0000000100000000)
  region size 1024K, 4 young (4096K), 4 survivors (4096K)
 Metaspace       used 81893K, capacity 83868K, committed 84096K, reserved 1122304K
  class space    used 9457K, capacity 10272K, committed 10368K, reserved 1048576K
}
Event: 52.082 GC heap before
{Heap before GC invocations=45 (full 0):
 garbage-first heap   total 95232K, used 80050K [0x00000000c0000000, 0x0000000100000000)
  region size 1024K, 52 young (53248K), 4 survivors (4096K)
 Metaspace       used 83990K, capacity 86038K, committed 86144K, reserved 1124352K
  class space    used 9690K, capacity 10525K, committed 10624K, reserved 1048576K
}
Event: 52.115 GC heap after
{Heap after GC invocations=46 (full 0):
 garbage-first heap   total 95232K, used 31800K [0x00000000c0000000, 0x0000000100000000)
  region size 1024K, 5 young (5120K), 5 survivors (5120K)
 Metaspace       used 83990K, capacity 86038K, committed 86144K, reserved 1124352K
  class space    used 9690K, capacity 10525K, committed 10624K, reserved 1048576K
}
Event: 54.033 GC heap before
{Heap before GC invocations=46 (full 0):
 garbage-first heap   total 95232K, used 78904K [0x00000000c0000000, 0x0000000100000000)
  region size 1024K, 51 young (52224K), 5 survivors (5120K)
 Metaspace       used 86250K, capacity 88379K, committed 88448K, reserved 1126400K
  class space    used 10016K, capacity 10851K, committed 10880K, reserved 1048576K
}
Event: 54.052 GC heap after
{Heap after GC invocations=47 (full 0):
 garbage-first heap   total 114688K, used 32183K [0x00000000c0000000, 0x0000000100000000)
  region size 1024K, 4 young (4096K), 4 survivors (4096K)
 Metaspace       used 86250K, capacity 88379K, committed 88448K, reserved 1126400K
  class space    used 10016K, capacity 10851K, committed 10880K, reserved 1048576K
}
Event: 59.156 GC heap before
{Heap before GC invocations=47 (full 0):
 garbage-first heap   total 114688K, used 89527K [0x00000000c0000000, 0x0000000100000000)
  region size 1024K, 60 young (61440K), 4 survivors (4096K)
 Metaspace       used 88366K, capacity 90594K, committed 90752K, reserved 1128448K
  class space    used 10147K, capacity 11031K, committed 11136K, reserved 1048576K
}
Event: 59.172 GC heap after
{Heap after GC invocations=48 (full 0):
 garbage-first heap   total 114688K, used 32703K [0x00000000c0000000, 0x0000000100000000)
  region size 1024K, 5 young (5120K), 5 survivors (5120K)
 Metaspace       used 88366K, capacity 90594K, committed 90752K, reserved 1128448K
  class space    used 10147K, capacity 11031K, committed 11136K, reserved 1048576K
}

